0 info it worked if it ends with ok
1 verbose cli [ '/usr/local/Cellar/node/5.0.0/bin/node',
1 verbose cli   '/usr/local/bin/npm',
1 verbose cli   'run',
1 verbose cli   'watch' ]
2 info using npm@3.3.9
3 info using node@v5.0.0
4 verbose run-script [ 'prewatch', 'watch', 'postwatch' ]
5 info lifecycle generator-ionic-2@0.0.1-alpha~prewatch: generator-ionic-2@0.0.1-alpha
6 silly lifecycle generator-ionic-2@0.0.1-alpha~prewatch: no script for prewatch, continuing
7 info lifecycle generator-ionic-2@0.0.1-alpha~watch: generator-ionic-2@0.0.1-alpha
8 verbose lifecycle generator-ionic-2@0.0.1-alpha~watch: unsafe-perm in lifecycle true
9 verbose lifecycle generator-ionic-2@0.0.1-alpha~watch: PATH: /usr/local/lib/node_modules/npm/bin/node-gyp-bin:/Users/pascalbrewing/web/generator-ionic-2/node_modules/.bin:/usr/local/bin:/usr/bin:/bin:/usr/sbin:/sbin
10 verbose lifecycle generator-ionic-2@0.0.1-alpha~watch: CWD: /Users/pascalbrewing/web/generator-ionic-2
11 silly lifecycle generator-ionic-2@0.0.1-alpha~watch: Args: [ '-c', 'babel core -d ./generator -w' ]
12 silly lifecycle generator-ionic-2@0.0.1-alpha~watch: Returned: code: 1  signal: null
13 info lifecycle generator-ionic-2@0.0.1-alpha~watch: Failed to exec watch script
14 verbose stack Error: generator-ionic-2@0.0.1-alpha watch: `babel core -d ./generator -w`
14 verbose stack Exit status 1
14 verbose stack     at EventEmitter.<anonymous> (/usr/local/lib/node_modules/npm/lib/utils/lifecycle.js:233:16)
14 verbose stack     at emitTwo (events.js:87:13)
14 verbose stack     at EventEmitter.emit (events.js:172:7)
14 verbose stack     at ChildProcess.<anonymous> (/usr/local/lib/node_modules/npm/lib/utils/spawn.js:24:14)
14 verbose stack     at emitTwo (events.js:87:13)
14 verbose stack     at ChildProcess.emit (events.js:172:7)
14 verbose stack     at maybeClose (internal/child_process.js:818:16)
14 verbose stack     at Process.ChildProcess._handle.onexit (internal/child_process.js:211:5)
15 verbose pkgid generator-ionic-2@0.0.1-alpha
16 verbose cwd /Users/pascalbrewing/web/generator-ionic-2
17 error Darwin 15.0.0
18 error argv "/usr/local/Cellar/node/5.0.0/bin/node" "/usr/local/bin/npm" "run" "watch"
19 error node v5.0.0
20 error npm  v3.3.9
21 error code ELIFECYCLE
22 error generator-ionic-2@0.0.1-alpha watch: `babel core -d ./generator -w`
22 error Exit status 1
23 error Failed at the generator-ionic-2@0.0.1-alpha watch script 'babel core -d ./generator -w'.
23 error This is most likely a problem with the generator-ionic-2 package,
23 error not with npm itself.
23 error Tell the author that this fails on your system:
23 error     babel core -d ./generator -w
23 error You can get their info via:
23 error     npm owner ls generator-ionic-2
23 error There is likely additional logging output above.
24 verbose exit [ 1, true ]
